<?xml version="1.0" encoding="UTF-8" ?>
<testsuite failures="0" time="15.369" errors="0" skipped="0" tests="15" name="org.misha.algebra.lie.polynomial.monomial.MonomialTest">
  <properties>
    <property name="java.runtime.name" value="Java(TM) SE Runtime Environment"/>
    <property name="sun.boot.library.path" value="/usr/lib/jvm/java-7-oracle/jre/lib/i386"/>
    <property name="java.vm.version" value="24.72-b04"/>
    <property name="java.vm.vendor" value="Oracle Corporation"/>
    <property name="java.vendor.url" value="http://java.oracle.com/"/>
    <property name="path.separator" value=":"/>
    <property name="java.vm.name" value="Java HotSpot(TM) Server VM"/>
    <property name="file.encoding.pkg" value="sun.io"/>
    <property name="user.country" value="US"/>
    <property name="sun.java.launcher" value="SUN_STANDARD"/>
    <property name="sun.os.patch.level" value="unknown"/>
    <property name="java.vm.specification.name" value="Java Virtual Machine Specification"/>
    <property name="user.dir" value="/home/misha/workspace/lie-fe-assembla"/>
    <property name="java.runtime.version" value="1.7.0_72-b14"/>
    <property name="java.awt.graphicsenv" value="sun.awt.X11GraphicsEnvironment"/>
    <property name="basedir" value="/home/misha/workspace/lie-fe-assembla"/>
    <property name="java.endorsed.dirs" value="/usr/lib/jvm/java-7-oracle/jre/lib/endorsed"/>
    <property name="os.arch" value="i386"/>
    <property name="surefire.real.class.path" value="/tmp/surefirebooter8017907847477040551.jar"/>
    <property name="java.io.tmpdir" value="/tmp"/>
    <property name="line.separator" value="
"/>
    <property name="java.vm.specification.vendor" value="Oracle Corporation"/>
    <property name="os.name" value="Linux"/>
    <property name="sun.jnu.encoding" value="UTF-8"/>
    <property name="java.library.path" value="/home/misha/Documents/java-ide/idea/idea-IU-133.193/bin::/usr/java/packages/lib/i386:/lib:/usr/lib"/>
    <property name="surefire.test.class.path" value="/home/misha/workspace/lie-fe-assembla/target/test-classes:/home/misha/workspace/lie-fe-assembla/target/classes:/home/misha/.m2/repository/org/apache/commons/commons-lang3/3.1/commons-lang3-3.1.jar:/home/misha/.m2/repository/commons-io/commons-io/1.3.2/commons-io-1.3.2.jar:/home/misha/.m2/repository/org/springframework/spring-core/3.2.0.RELEASE/spring-core-3.2.0.RELEASE.jar:/home/misha/.m2/repository/commons-logging/commons-logging/1.1.1/commons-logging-1.1.1.jar:/home/misha/.m2/repository/org/springframework/spring-web/3.2.0.RELEASE/spring-web-3.2.0.RELEASE.jar:/home/misha/.m2/repository/org/springframework/spring-context/3.2.0.RELEASE/spring-context-3.2.0.RELEASE.jar:/home/misha/.m2/repository/org/springframework/spring-aop/3.2.0.RELEASE/spring-aop-3.2.0.RELEASE.jar:/home/misha/.m2/repository/aopalliance/aopalliance/1.0/aopalliance-1.0.jar:/home/misha/.m2/repository/org/springframework/spring-beans/3.2.0.RELEASE/spring-beans-3.2.0.RELEASE.jar:/home/misha/.m2/repository/org/springframework/spring-test/3.2.0.RELEASE/spring-test-3.2.0.RELEASE.jar:/home/misha/.m2/repository/org/springframework/spring-webmvc/3.2.0.RELEASE/spring-webmvc-3.2.0.RELEASE.jar:/home/misha/.m2/repository/org/springframework/spring-expression/3.2.0.RELEASE/spring-expression-3.2.0.RELEASE.jar:/home/misha/.m2/repository/javax/servlet/servlet-api/2.5/servlet-api-2.5.jar:/home/misha/.m2/repository/javax/servlet/jsp/jsp-api/2.1/jsp-api-2.1.jar:/home/misha/.m2/repository/javax/inject/javax.inject/1/javax.inject-1.jar:/home/misha/.m2/repository/javax/mail/mail/1.4/mail-1.4.jar:/home/misha/.m2/repository/javax/activation/activation/1.1/activation-1.1.jar:/home/misha/.m2/repository/org/apache/commons/commons-email/1.3.3/commons-email-1.3.3.jar:/home/misha/.m2/repository/org/slf4j/slf4j-api/1.6.1/slf4j-api-1.6.1.jar:/home/misha/.m2/repository/log4j/log4j/1.2.17/log4j-1.2.17.jar:/home/misha/.m2/repository/org/slf4j/jcl-over-slf4j/1.6.1/jcl-over-slf4j-1.6.1.jar:/home/misha/.m2/repository/org/slf4j/slf4j-log4j12/1.6.1/slf4j-log4j12-1.6.1.jar:/home/misha/.m2/repository/junit/junit/4.8.2/junit-4.8.2.jar:/home/misha/.m2/repository/com/googlecode/wicket-jquery-ui/jquery-ui-core/6.2.1/jquery-ui-core-6.2.1.jar:/home/misha/.m2/repository/org/aspectj/aspectjrt/1.7.4/aspectjrt-1.7.4.jar:/home/misha/.m2/repository/org/aspectj/aspectjtools/1.7.4/aspectjtools-1.7.4.jar:/home/misha/.m2/repository/com/google/code/findbugs/jsr305/2.0.0/jsr305-2.0.0.jar:"/>
    <property name="java.specification.name" value="Java Platform API Specification"/>
    <property name="java.class.version" value="51.0"/>
    <property name="sun.management.compiler" value="HotSpot Tiered Compilers"/>
    <property name="os.version" value="3.13.0-41-generic"/>
    <property name="user.home" value="/home/misha"/>
    <property name="user.timezone" value="Asia/Omsk"/>
    <property name="java.awt.printerjob" value="sun.print.PSPrinterJob"/>
    <property name="file.encoding" value="UTF-8"/>
    <property name="java.specification.version" value="1.7"/>
    <property name="user.name" value="misha"/>
    <property name="java.class.path" value="/home/misha/workspace/lie-fe-assembla/target/test-classes:/home/misha/workspace/lie-fe-assembla/target/classes:/home/misha/.m2/repository/org/apache/commons/commons-lang3/3.1/commons-lang3-3.1.jar:/home/misha/.m2/repository/commons-io/commons-io/1.3.2/commons-io-1.3.2.jar:/home/misha/.m2/repository/org/springframework/spring-core/3.2.0.RELEASE/spring-core-3.2.0.RELEASE.jar:/home/misha/.m2/repository/commons-logging/commons-logging/1.1.1/commons-logging-1.1.1.jar:/home/misha/.m2/repository/org/springframework/spring-web/3.2.0.RELEASE/spring-web-3.2.0.RELEASE.jar:/home/misha/.m2/repository/org/springframework/spring-context/3.2.0.RELEASE/spring-context-3.2.0.RELEASE.jar:/home/misha/.m2/repository/org/springframework/spring-aop/3.2.0.RELEASE/spring-aop-3.2.0.RELEASE.jar:/home/misha/.m2/repository/aopalliance/aopalliance/1.0/aopalliance-1.0.jar:/home/misha/.m2/repository/org/springframework/spring-beans/3.2.0.RELEASE/spring-beans-3.2.0.RELEASE.jar:/home/misha/.m2/repository/org/springframework/spring-test/3.2.0.RELEASE/spring-test-3.2.0.RELEASE.jar:/home/misha/.m2/repository/org/springframework/spring-webmvc/3.2.0.RELEASE/spring-webmvc-3.2.0.RELEASE.jar:/home/misha/.m2/repository/org/springframework/spring-expression/3.2.0.RELEASE/spring-expression-3.2.0.RELEASE.jar:/home/misha/.m2/repository/javax/servlet/servlet-api/2.5/servlet-api-2.5.jar:/home/misha/.m2/repository/javax/servlet/jsp/jsp-api/2.1/jsp-api-2.1.jar:/home/misha/.m2/repository/javax/inject/javax.inject/1/javax.inject-1.jar:/home/misha/.m2/repository/javax/mail/mail/1.4/mail-1.4.jar:/home/misha/.m2/repository/javax/activation/activation/1.1/activation-1.1.jar:/home/misha/.m2/repository/org/apache/commons/commons-email/1.3.3/commons-email-1.3.3.jar:/home/misha/.m2/repository/org/slf4j/slf4j-api/1.6.1/slf4j-api-1.6.1.jar:/home/misha/.m2/repository/log4j/log4j/1.2.17/log4j-1.2.17.jar:/home/misha/.m2/repository/org/slf4j/jcl-over-slf4j/1.6.1/jcl-over-slf4j-1.6.1.jar:/home/misha/.m2/repository/org/slf4j/slf4j-log4j12/1.6.1/slf4j-log4j12-1.6.1.jar:/home/misha/.m2/repository/junit/junit/4.8.2/junit-4.8.2.jar:/home/misha/.m2/repository/com/googlecode/wicket-jquery-ui/jquery-ui-core/6.2.1/jquery-ui-core-6.2.1.jar:/home/misha/.m2/repository/org/aspectj/aspectjrt/1.7.4/aspectjrt-1.7.4.jar:/home/misha/.m2/repository/org/aspectj/aspectjtools/1.7.4/aspectjtools-1.7.4.jar:/home/misha/.m2/repository/com/google/code/findbugs/jsr305/2.0.0/jsr305-2.0.0.jar:"/>
    <property name="java.vm.specification.version" value="1.7"/>
    <property name="sun.arch.data.model" value="32"/>
    <property name="java.home" value="/usr/lib/jvm/java-7-oracle/jre"/>
    <property name="sun.java.command" value="/tmp/surefirebooter8017907847477040551.jar /tmp/surefire953470871835758487tmp /tmp/surefire3370629444068581206tmp"/>
    <property name="java.specification.vendor" value="Oracle Corporation"/>
    <property name="user.language" value="en"/>
    <property name="awt.toolkit" value="sun.awt.X11.XToolkit"/>
    <property name="java.vm.info" value="mixed mode"/>
    <property name="java.version" value="1.7.0_72"/>
    <property name="java.ext.dirs" value="/usr/lib/jvm/java-7-oracle/jre/lib/ext:/usr/java/packages/lib/ext"/>
    <property name="sun.boot.class.path" value="/usr/lib/jvm/java-7-oracle/jre/lib/resources.jar:/usr/lib/jvm/java-7-oracle/jre/lib/rt.jar:/usr/lib/jvm/java-7-oracle/jre/lib/sunrsasign.jar:/usr/lib/jvm/java-7-oracle/jre/lib/jsse.jar:/usr/lib/jvm/java-7-oracle/jre/lib/jce.jar:/usr/lib/jvm/java-7-oracle/jre/lib/charsets.jar:/usr/lib/jvm/java-7-oracle/jre/lib/jfr.jar:/usr/lib/jvm/java-7-oracle/jre/classes"/>
    <property name="java.vendor" value="Oracle Corporation"/>
    <property name="localRepository" value="/home/misha/.m2/repository"/>
    <property name="file.separator" value="/"/>
    <property name="java.vendor.url.bug" value="http://bugreport.sun.com/bugreport/"/>
    <property name="sun.cpu.endian" value="little"/>
    <property name="sun.io.unicode.encoding" value="UnicodeLittle"/>
    <property name="sun.desktop" value="gnome"/>
    <property name="sun.cpu.isalist" value=""/>
  </properties>
  <testcase time="0.008" classname="org.misha.algebra.lie.polynomial.monomial.MonomialTest" name="testToString"/>
  <testcase time="0.009" classname="org.misha.algebra.lie.polynomial.monomial.MonomialTest" name="testMonomial"/>
  <testcase time="0.008" classname="org.misha.algebra.lie.polynomial.monomial.MonomialTest" name="testCopy"/>
  <testcase time="0.007" classname="org.misha.algebra.lie.polynomial.monomial.MonomialTest" name="testIsCorrect"/>
  <testcase time="0.066" classname="org.misha.algebra.lie.polynomial.monomial.MonomialTest" name="testHall"/>
  <testcase time="0.02" classname="org.misha.algebra.lie.polynomial.monomial.MonomialTest" name="testVisitor"/>
  <testcase time="0.012" classname="org.misha.algebra.lie.polynomial.monomial.MonomialTest" name="testTest"/>
  <testcase time="0.011" classname="org.misha.algebra.lie.polynomial.monomial.MonomialTest" name="testSummands"/>
  <testcase time="0.012" classname="org.misha.algebra.lie.polynomial.monomial.MonomialTest" name="testCompareTo"/>
  <testcase time="0.012" classname="org.misha.algebra.lie.polynomial.monomial.MonomialTest" name="testSymbol"/>
  <testcase time="0.012" classname="org.misha.algebra.lie.polynomial.monomial.MonomialTest" name="fakeDeFakeTest"/>
  <testcase time="0.01" classname="org.misha.algebra.lie.polynomial.monomial.MonomialTest" name="findLettersTest"/>
  <testcase time="15.161" classname="org.misha.algebra.lie.polynomial.monomial.MonomialTest" name="actByTest"/>
  <testcase time="0.007" classname="org.misha.algebra.lie.polynomial.monomial.MonomialTest" name="cloneTest"/>
  <testcase time="0.007" classname="org.misha.algebra.lie.polynomial.monomial.MonomialTest" name="getConstantTest"/>
</testsuite>